----------------------------------------
Timestamp: 20/08/2012 2:06:00 CH

Severity: Error

Message: System.NotSupportedException: The method 'Skip' is only supported for sorted input in LINQ to Entities. The method 'OrderBy' must be called before the method 'Skip'.
   at System.Data.Objects.ELinq.ExpressionConverter.OrderByLifter.PassthroughOrderByLifter.Skip(DbExpression k)
   at System.Data.Objects.ELinq.ExpressionConverter.Skip(DbExpressionBinding input, DbExpression skipCount)
   at System.Data.Objects.ELinq.ExpressionConverter.MethodCallTranslator.SkipTranslator.TranslatePagingOperator(ExpressionConverter parent, DbExpression operand, DbExpression count)
   at System.Data.Objects.ELinq.ExpressionConverter.MethodCallTranslator.PagingTranslator.TranslateUnary(ExpressionConverter parent, DbExpression operand, MethodCallExpression call)
   at System.Data.Objects.ELinq.ExpressionConverter.MethodCallTranslator.UnarySequenceMethodTranslator.Translate(ExpressionConverter parent, MethodCallExpression call)
   at System.Data.Objects.ELinq.ExpressionConverter.MethodCallTranslator.SequenceMethodTranslator.Translate(ExpressionConverter parent, MethodCallExpression call, SequenceMethod sequenceMethod)
   at System.Data.Objects.ELinq.ExpressionConverter.MethodCallTranslator.TypedTranslate(ExpressionConverter parent, MethodCallExpression linq)
   at System.Data.Objects.ELinq.ExpressionConverter.TypedTranslator`1.Translate(ExpressionConverter parent, Expression linq)
   at System.Data.Objects.ELinq.ExpressionConverter.TranslateExpression(Expression linq)
   at System.Data.Objects.ELinq.ExpressionConverter.MethodCallTranslator.UnarySequenceMethodTranslator.Translate(ExpressionConverter parent, MethodCallExpression call)
   at System.Data.Objects.ELinq.ExpressionConverter.MethodCallTranslator.SequenceMethodTranslator.Translate(ExpressionConverter parent, MethodCallExpression call, SequenceMethod sequenceMethod)
   at System.Data.Objects.ELinq.ExpressionConverter.MethodCallTranslator.TypedTranslate(ExpressionConverter parent, MethodCallExpression linq)
   at System.Data.Objects.ELinq.ExpressionConverter.TypedTranslator`1.Translate(ExpressionConverter parent, Expression linq)
   at System.Data.Objects.ELinq.ExpressionConverter.TranslateExpression(Expression linq)
   at System.Data.Objects.ELinq.ExpressionConverter.Convert()
   at System.Data.Objects.ELinq.ELinqQueryState.GetExecutionPlan(Nullable`1 forMergeOption)
   at System.Data.Objects.ObjectQuery`1.GetResults(Nullable`1 forMergeOption)
   at System.Data.Objects.ObjectQuery`1.System.Collections.Generic.IEnumerable<T>.GetEnumerator()
   at System.Data.Entity.Internal.Linq.InternalQuery`1.GetEnumerator()
   at System.Data.Entity.Infrastructure.DbQuery`1.System.Collections.Generic.IEnumerable<TResult>.GetEnumerator()
   at CRS.Business.Repositories.RecipeRepository.GetRecipeByCatogory(Int32 categoryId, SortCriteria criteria, String categoryType, Int32 smallId) in C:\Users\ZzKeikanzZ\Desktop\CRS - Chuan\CRS.Business\Repositories\RecipeRepository.cs:line 474
----------------------------------------
----------------------------------------
Timestamp: 20/08/2012 2:06:44 CH

Severity: Error

Message: System.NotSupportedException: The method 'Skip' is only supported for sorted input in LINQ to Entities. The method 'OrderBy' must be called before the method 'Skip'.
   at System.Data.Objects.ELinq.ExpressionConverter.OrderByLifter.PassthroughOrderByLifter.Skip(DbExpression k)
   at System.Data.Objects.ELinq.ExpressionConverter.Skip(DbExpressionBinding input, DbExpression skipCount)
   at System.Data.Objects.ELinq.ExpressionConverter.MethodCallTranslator.SkipTranslator.TranslatePagingOperator(ExpressionConverter parent, DbExpression operand, DbExpression count)
   at System.Data.Objects.ELinq.ExpressionConverter.MethodCallTranslator.PagingTranslator.TranslateUnary(ExpressionConverter parent, DbExpression operand, MethodCallExpression call)
   at System.Data.Objects.ELinq.ExpressionConverter.MethodCallTranslator.UnarySequenceMethodTranslator.Translate(ExpressionConverter parent, MethodCallExpression call)
   at System.Data.Objects.ELinq.ExpressionConverter.MethodCallTranslator.SequenceMethodTranslator.Translate(ExpressionConverter parent, MethodCallExpression call, SequenceMethod sequenceMethod)
   at System.Data.Objects.ELinq.ExpressionConverter.MethodCallTranslator.TypedTranslate(ExpressionConverter parent, MethodCallExpression linq)
   at System.Data.Objects.ELinq.ExpressionConverter.TypedTranslator`1.Translate(ExpressionConverter parent, Expression linq)
   at System.Data.Objects.ELinq.ExpressionConverter.TranslateExpression(Expression linq)
   at System.Data.Objects.ELinq.ExpressionConverter.MethodCallTranslator.UnarySequenceMethodTranslator.Translate(ExpressionConverter parent, MethodCallExpression call)
   at System.Data.Objects.ELinq.ExpressionConverter.MethodCallTranslator.SequenceMethodTranslator.Translate(ExpressionConverter parent, MethodCallExpression call, SequenceMethod sequenceMethod)
   at System.Data.Objects.ELinq.ExpressionConverter.MethodCallTranslator.TypedTranslate(ExpressionConverter parent, MethodCallExpression linq)
   at System.Data.Objects.ELinq.ExpressionConverter.TypedTranslator`1.Translate(ExpressionConverter parent, Expression linq)
   at System.Data.Objects.ELinq.ExpressionConverter.TranslateExpression(Expression linq)
   at System.Data.Objects.ELinq.ExpressionConverter.Convert()
   at System.Data.Objects.ELinq.ELinqQueryState.GetExecutionPlan(Nullable`1 forMergeOption)
   at System.Data.Objects.ObjectQuery`1.GetResults(Nullable`1 forMergeOption)
   at System.Data.Objects.ObjectQuery`1.System.Collections.Generic.IEnumerable<T>.GetEnumerator()
   at System.Data.Entity.Internal.Linq.InternalQuery`1.GetEnumerator()
   at System.Data.Entity.Infrastructure.DbQuery`1.System.Collections.Generic.IEnumerable<TResult>.GetEnumerator()
   at CRS.Business.Repositories.RecipeRepository.GetRecipeByCatogory(Int32 categoryId, SortCriteria criteria, String categoryType, Int32 smallId) in C:\Users\ZzKeikanzZ\Desktop\CRS - Chuan\CRS.Business\Repositories\RecipeRepository.cs:line 474
----------------------------------------
----------------------------------------
Timestamp: 20/08/2012 2:07:01 CH

Severity: Error

Message: System.NotSupportedException: The method 'Skip' is only supported for sorted input in LINQ to Entities. The method 'OrderBy' must be called before the method 'Skip'.
   at System.Data.Objects.ELinq.ExpressionConverter.OrderByLifter.PassthroughOrderByLifter.Skip(DbExpression k)
   at System.Data.Objects.ELinq.ExpressionConverter.Skip(DbExpressionBinding input, DbExpression skipCount)
   at System.Data.Objects.ELinq.ExpressionConverter.MethodCallTranslator.SkipTranslator.TranslatePagingOperator(ExpressionConverter parent, DbExpression operand, DbExpression count)
   at System.Data.Objects.ELinq.ExpressionConverter.MethodCallTranslator.PagingTranslator.TranslateUnary(ExpressionConverter parent, DbExpression operand, MethodCallExpression call)
   at System.Data.Objects.ELinq.ExpressionConverter.MethodCallTranslator.UnarySequenceMethodTranslator.Translate(ExpressionConverter parent, MethodCallExpression call)
   at System.Data.Objects.ELinq.ExpressionConverter.MethodCallTranslator.SequenceMethodTranslator.Translate(ExpressionConverter parent, MethodCallExpression call, SequenceMethod sequenceMethod)
   at System.Data.Objects.ELinq.ExpressionConverter.MethodCallTranslator.TypedTranslate(ExpressionConverter parent, MethodCallExpression linq)
   at System.Data.Objects.ELinq.ExpressionConverter.TypedTranslator`1.Translate(ExpressionConverter parent, Expression linq)
   at System.Data.Objects.ELinq.ExpressionConverter.TranslateExpression(Expression linq)
   at System.Data.Objects.ELinq.ExpressionConverter.MethodCallTranslator.UnarySequenceMethodTranslator.Translate(ExpressionConverter parent, MethodCallExpression call)
   at System.Data.Objects.ELinq.ExpressionConverter.MethodCallTranslator.SequenceMethodTranslator.Translate(ExpressionConverter parent, MethodCallExpression call, SequenceMethod sequenceMethod)
   at System.Data.Objects.ELinq.ExpressionConverter.MethodCallTranslator.TypedTranslate(ExpressionConverter parent, MethodCallExpression linq)
   at System.Data.Objects.ELinq.ExpressionConverter.TypedTranslator`1.Translate(ExpressionConverter parent, Expression linq)
   at System.Data.Objects.ELinq.ExpressionConverter.TranslateExpression(Expression linq)
   at System.Data.Objects.ELinq.ExpressionConverter.Convert()
   at System.Data.Objects.ELinq.ELinqQueryState.GetExecutionPlan(Nullable`1 forMergeOption)
   at System.Data.Objects.ObjectQuery`1.GetResults(Nullable`1 forMergeOption)
   at System.Data.Objects.ObjectQuery`1.System.Collections.Generic.IEnumerable<T>.GetEnumerator()
   at System.Data.Entity.Internal.Linq.InternalQuery`1.GetEnumerator()
   at System.Data.Entity.Infrastructure.DbQuery`1.System.Collections.Generic.IEnumerable<TResult>.GetEnumerator()
   at CRS.Business.Repositories.RecipeRepository.GetRecipeByCatogory(Int32 categoryId, SortCriteria criteria, String categoryType, Int32 smallId) in C:\Users\ZzKeikanzZ\Desktop\CRS - Chuan\CRS.Business\Repositories\RecipeRepository.cs:line 474
----------------------------------------
----------------------------------------
Timestamp: 20/08/2012 2:07:41 CH

Severity: Error

Message: System.NotSupportedException: The method 'Skip' is only supported for sorted input in LINQ to Entities. The method 'OrderBy' must be called before the method 'Skip'.
   at System.Data.Objects.ELinq.ExpressionConverter.OrderByLifter.PassthroughOrderByLifter.Skip(DbExpression k)
   at System.Data.Objects.ELinq.ExpressionConverter.Skip(DbExpressionBinding input, DbExpression skipCount)
   at System.Data.Objects.ELinq.ExpressionConverter.MethodCallTranslator.SkipTranslator.TranslatePagingOperator(ExpressionConverter parent, DbExpression operand, DbExpression count)
   at System.Data.Objects.ELinq.ExpressionConverter.MethodCallTranslator.PagingTranslator.TranslateUnary(ExpressionConverter parent, DbExpression operand, MethodCallExpression call)
   at System.Data.Objects.ELinq.ExpressionConverter.MethodCallTranslator.UnarySequenceMethodTranslator.Translate(ExpressionConverter parent, MethodCallExpression call)
   at System.Data.Objects.ELinq.ExpressionConverter.MethodCallTranslator.SequenceMethodTranslator.Translate(ExpressionConverter parent, MethodCallExpression call, SequenceMethod sequenceMethod)
   at System.Data.Objects.ELinq.ExpressionConverter.MethodCallTranslator.TypedTranslate(ExpressionConverter parent, MethodCallExpression linq)
   at System.Data.Objects.ELinq.ExpressionConverter.TypedTranslator`1.Translate(ExpressionConverter parent, Expression linq)
   at System.Data.Objects.ELinq.ExpressionConverter.TranslateExpression(Expression linq)
   at System.Data.Objects.ELinq.ExpressionConverter.MethodCallTranslator.UnarySequenceMethodTranslator.Translate(ExpressionConverter parent, MethodCallExpression call)
   at System.Data.Objects.ELinq.ExpressionConverter.MethodCallTranslator.SequenceMethodTranslator.Translate(ExpressionConverter parent, MethodCallExpression call, SequenceMethod sequenceMethod)
   at System.Data.Objects.ELinq.ExpressionConverter.MethodCallTranslator.TypedTranslate(ExpressionConverter parent, MethodCallExpression linq)
   at System.Data.Objects.ELinq.ExpressionConverter.TypedTranslator`1.Translate(ExpressionConverter parent, Expression linq)
   at System.Data.Objects.ELinq.ExpressionConverter.TranslateExpression(Expression linq)
   at System.Data.Objects.ELinq.ExpressionConverter.Convert()
   at System.Data.Objects.ELinq.ELinqQueryState.GetExecutionPlan(Nullable`1 forMergeOption)
   at System.Data.Objects.ObjectQuery`1.GetResults(Nullable`1 forMergeOption)
   at System.Data.Objects.ObjectQuery`1.System.Collections.Generic.IEnumerable<T>.GetEnumerator()
   at System.Data.Entity.Internal.Linq.InternalQuery`1.GetEnumerator()
   at System.Data.Entity.Infrastructure.DbQuery`1.System.Collections.Generic.IEnumerable<TResult>.GetEnumerator()
   at CRS.Business.Repositories.RecipeRepository.GetRecipeByCatogory(Int32 categoryId, SortCriteria criteria, String categoryType, Int32 smallId) in C:\Users\ZzKeikanzZ\Desktop\CRS - Chuan\CRS.Business\Repositories\RecipeRepository.cs:line 474
----------------------------------------
----------------------------------------
Timestamp: 20/08/2012 2:08:56 CH

Severity: Error

Message: System.NotSupportedException: The method 'Skip' is only supported for sorted input in LINQ to Entities. The method 'OrderBy' must be called before the method 'Skip'.
   at System.Data.Objects.ELinq.ExpressionConverter.OrderByLifter.PassthroughOrderByLifter.Skip(DbExpression k)
   at System.Data.Objects.ELinq.ExpressionConverter.Skip(DbExpressionBinding input, DbExpression skipCount)
   at System.Data.Objects.ELinq.ExpressionConverter.MethodCallTranslator.SkipTranslator.TranslatePagingOperator(ExpressionConverter parent, DbExpression operand, DbExpression count)
   at System.Data.Objects.ELinq.ExpressionConverter.MethodCallTranslator.PagingTranslator.TranslateUnary(ExpressionConverter parent, DbExpression operand, MethodCallExpression call)
   at System.Data.Objects.ELinq.ExpressionConverter.MethodCallTranslator.UnarySequenceMethodTranslator.Translate(ExpressionConverter parent, MethodCallExpression call)
   at System.Data.Objects.ELinq.ExpressionConverter.MethodCallTranslator.SequenceMethodTranslator.Translate(ExpressionConverter parent, MethodCallExpression call, SequenceMethod sequenceMethod)
   at System.Data.Objects.ELinq.ExpressionConverter.MethodCallTranslator.TypedTranslate(ExpressionConverter parent, MethodCallExpression linq)
   at System.Data.Objects.ELinq.ExpressionConverter.TypedTranslator`1.Translate(ExpressionConverter parent, Expression linq)
   at System.Data.Objects.ELinq.ExpressionConverter.TranslateExpression(Expression linq)
   at System.Data.Objects.ELinq.ExpressionConverter.MethodCallTranslator.UnarySequenceMethodTranslator.Translate(ExpressionConverter parent, MethodCallExpression call)
   at System.Data.Objects.ELinq.ExpressionConverter.MethodCallTranslator.SequenceMethodTranslator.Translate(ExpressionConverter parent, MethodCallExpression call, SequenceMethod sequenceMethod)
   at System.Data.Objects.ELinq.ExpressionConverter.MethodCallTranslator.TypedTranslate(ExpressionConverter parent, MethodCallExpression linq)
   at System.Data.Objects.ELinq.ExpressionConverter.TypedTranslator`1.Translate(ExpressionConverter parent, Expression linq)
   at System.Data.Objects.ELinq.ExpressionConverter.TranslateExpression(Expression linq)
   at System.Data.Objects.ELinq.ExpressionConverter.Convert()
   at System.Data.Objects.ELinq.ELinqQueryState.GetExecutionPlan(Nullable`1 forMergeOption)
   at System.Data.Objects.ObjectQuery`1.GetResults(Nullable`1 forMergeOption)
   at System.Data.Objects.ObjectQuery`1.System.Collections.Generic.IEnumerable<T>.GetEnumerator()
   at System.Data.Entity.Internal.Linq.InternalQuery`1.GetEnumerator()
   at System.Data.Entity.Infrastructure.DbQuery`1.System.Collections.Generic.IEnumerable<TResult>.GetEnumerator()
   at CRS.Business.Repositories.RecipeRepository.GetRecipeByCatogory(Int32 categoryId, SortCriteria criteria, String categoryType, Int32 smallId) in C:\Users\ZzKeikanzZ\Desktop\CRS - Chuan\CRS.Business\Repositories\RecipeRepository.cs:line 474
----------------------------------------
----------------------------------------
Timestamp: 20/08/2012 2:09:32 CH

Severity: Error

Message: System.NotSupportedException: The method 'Skip' is only supported for sorted input in LINQ to Entities. The method 'OrderBy' must be called before the method 'Skip'.
   at System.Data.Objects.ELinq.ExpressionConverter.OrderByLifter.PassthroughOrderByLifter.Skip(DbExpression k)
   at System.Data.Objects.ELinq.ExpressionConverter.Skip(DbExpressionBinding input, DbExpression skipCount)
   at System.Data.Objects.ELinq.ExpressionConverter.MethodCallTranslator.SkipTranslator.TranslatePagingOperator(ExpressionConverter parent, DbExpression operand, DbExpression count)
   at System.Data.Objects.ELinq.ExpressionConverter.MethodCallTranslator.PagingTranslator.TranslateUnary(ExpressionConverter parent, DbExpression operand, MethodCallExpression call)
   at System.Data.Objects.ELinq.ExpressionConverter.MethodCallTranslator.UnarySequenceMethodTranslator.Translate(ExpressionConverter parent, MethodCallExpression call)
   at System.Data.Objects.ELinq.ExpressionConverter.MethodCallTranslator.SequenceMethodTranslator.Translate(ExpressionConverter parent, MethodCallExpression call, SequenceMethod sequenceMethod)
   at System.Data.Objects.ELinq.ExpressionConverter.MethodCallTranslator.TypedTranslate(ExpressionConverter parent, MethodCallExpression linq)
   at System.Data.Objects.ELinq.ExpressionConverter.TypedTranslator`1.Translate(ExpressionConverter parent, Expression linq)
   at System.Data.Objects.ELinq.ExpressionConverter.TranslateExpression(Expression linq)
   at System.Data.Objects.ELinq.ExpressionConverter.MethodCallTranslator.UnarySequenceMethodTranslator.Translate(ExpressionConverter parent, MethodCallExpression call)
   at System.Data.Objects.ELinq.ExpressionConverter.MethodCallTranslator.SequenceMethodTranslator.Translate(ExpressionConverter parent, MethodCallExpression call, SequenceMethod sequenceMethod)
   at System.Data.Objects.ELinq.ExpressionConverter.MethodCallTranslator.TypedTranslate(ExpressionConverter parent, MethodCallExpression linq)
   at System.Data.Objects.ELinq.ExpressionConverter.TypedTranslator`1.Translate(ExpressionConverter parent, Expression linq)
   at System.Data.Objects.ELinq.ExpressionConverter.TranslateExpression(Expression linq)
   at System.Data.Objects.ELinq.ExpressionConverter.Convert()
   at System.Data.Objects.ELinq.ELinqQueryState.GetExecutionPlan(Nullable`1 forMergeOption)
   at System.Data.Objects.ObjectQuery`1.GetResults(Nullable`1 forMergeOption)
   at System.Data.Objects.ObjectQuery`1.System.Collections.Generic.IEnumerable<T>.GetEnumerator()
   at System.Data.Entity.Internal.Linq.InternalQuery`1.GetEnumerator()
   at System.Data.Entity.Infrastructure.DbQuery`1.System.Collections.Generic.IEnumerable<TResult>.GetEnumerator()
   at CRS.Business.Repositories.RecipeRepository.GetRecipeByCatogory(Int32 categoryId, SortCriteria criteria, String categoryType, Int32 smallId) in C:\Users\ZzKeikanzZ\Desktop\CRS - Chuan\CRS.Business\Repositories\RecipeRepository.cs:line 474
----------------------------------------
