----------------------------------------
Timestamp: 8/4/2012 5:19:57 AM

Severity: Error

Message: System.InvalidOperationException: Nullable object must have a value.
   at System.ThrowHelper.ThrowInvalidOperationException(ExceptionResource resource)
   at System.Nullable`1.get_Value()
   at ASP._Page_Areas_Admin_Views_ManageCategories__RecipeSmallCategoryInputForm_cshtml.Execute() in c:\Users\ZzKeikanzZ\Desktop\CRS - Chuan - Copy\CRS.Web\Areas\Admin\Views\ManageCategories\_RecipeSmallCategoryInputForm.cshtml:line 31
   at System.Web.WebPages.WebPageBase.ExecutePageHierarchy()
   at System.Web.Mvc.WebViewPage.ExecutePageHierarchy()
   at System.Web.WebPages.WebPageBase.ExecutePageHierarchy(WebPageContext pageContext, TextWriter writer, WebPageRenderingBase startPage)
   at System.Web.Mvc.RazorView.RenderView(ViewContext viewContext, TextWriter writer, Object instance)
   at System.Web.Mvc.BuildManagerCompiledView.Render(ViewContext viewContext, TextWriter writer)
   at System.Web.Mvc.HtmlHelper.RenderPartialInternal(String partialViewName, ViewDataDictionary viewData, Object model, TextWriter writer, ViewEngineCollection viewEngineCollection)
   at System.Web.Mvc.Html.PartialExtensions.Partial(HtmlHelper htmlHelper, String partialViewName, Object model, ViewDataDictionary viewData)
   at System.Web.Mvc.Html.PartialExtensions.Partial(HtmlHelper htmlHelper, String partialViewName, Object model)
   at ASP._Page_Areas_Admin_Views_ManageCategories_CreateRecipeSmallCategory_cshtml.Execute() in c:\Users\ZzKeikanzZ\Desktop\CRS - Chuan - Copy\CRS.Web\Areas\Admin\Views\ManageCategories\CreateRecipeSmallCategory.cshtml:line 8
   at System.Web.WebPages.WebPageBase.ExecutePageHierarchy()
   at System.Web.Mvc.WebViewPage.ExecutePageHierarchy()
   at System.Web.WebPages.StartPage.RunPage()
   at System.Web.WebPages.StartPage.ExecutePageHierarchy()
   at System.Web.WebPages.WebPageBase.ExecutePageHierarchy(WebPageContext pageContext, TextWriter writer, WebPageRenderingBase startPage)
   at System.Web.Mvc.RazorView.RenderView(ViewContext viewContext, TextWriter writer, Object instance)
   at System.Web.Mvc.BuildManagerCompiledView.Render(ViewContext viewContext, TextWriter writer)
   at System.Web.Mvc.ViewResultBase.ExecuteResult(ControllerContext context)
   at System.Web.Mvc.ControllerActionInvoker.InvokeActionResult(ControllerContext controllerContext, ActionResult actionResult)
   at System.Web.Mvc.ControllerActionInvoker.<>c__DisplayClass1c.<InvokeActionResultWithFilters>b__19()
   at System.Web.Mvc.ControllerActionInvoker.InvokeActionResultFilter(IResultFilter filter, ResultExecutingContext preContext, Func`1 continuation)
   at System.Web.Mvc.ControllerActionInvoker.<>c__DisplayClass1c.<>c__DisplayClass1e.<InvokeActionResultWithFilters>b__1b()
   at System.Web.Mvc.ControllerActionInvoker.InvokeActionResultFilter(IResultFilter filter, ResultExecutingContext preContext, Func`1 continuation)
   at System.Web.Mvc.ControllerActionInvoker.<>c__DisplayClass1c.<>c__DisplayClass1e.<InvokeActionResultWithFilters>b__1b()
   at System.Web.Mvc.ControllerActionInvoker.InvokeActionResultWithFilters(ControllerContext controllerContext, IList`1 filters, ActionResult actionResult)
   at System.Web.Mvc.ControllerActionInvoker.InvokeAction(ControllerContext controllerContext, String actionName)
   at System.Web.Mvc.Controller.ExecuteCore()
   at System.Web.Mvc.ControllerBase.Execute(RequestContext requestContext)
   at System.Web.Mvc.ControllerBase.System.Web.Mvc.IController.Execute(RequestContext requestContext)
   at System.Web.Mvc.MvcHandler.<>c__DisplayClass6.<>c__DisplayClassb.<BeginProcessRequest>b__5()
   at System.Web.Mvc.Async.AsyncResultWrapper.<>c__DisplayClass1.<MakeVoidDelegate>b__0()
   at System.Web.Mvc.Async.AsyncResultWrapper.<>c__DisplayClass8`1.<BeginSynchronous>b__7(IAsyncResult _)
   at System.Web.Mvc.Async.AsyncResultWrapper.WrappedAsyncResult`1.End()
   at System.Web.Mvc.MvcHandler.<>c__DisplayClasse.<EndProcessRequest>b__d()
   at System.Web.Mvc.SecurityUtil.<GetCallInAppTrustThunk>b__0(Action f)
   at System.Web.Mvc.SecurityUtil.ProcessInApplicationTrust(Action action)
   at System.Web.Mvc.MvcHandler.EndProcessRequest(IAsyncResult asyncResult)
   at System.Web.Mvc.MvcHandler.System.Web.IHttpAsyncHandler.EndProcessRequest(IAsyncResult result)
   at System.Web.HttpApplication.CallHandlerExecutionStep.System.Web.HttpApplication.IExecutionStep.Execute()
   at System.Web.HttpApplication.ExecuteStep(IExecutionStep step, Boolean& completedSynchronously)
----------------------------------------
